<?xml version="1.0" encoding="UTF-8"?>
<!-- Generated by org.testng.reporters.JUnitReportReporter -->
<testsuite skipped="0" hostname="BIZ-N-LP-165" name="com.newHayesUI.tests.LoginTests" tests="1" failures="0" timestamp="21 Apr 2021 18:31:34 GMT" time="30.938" errors="0">
  <testcase name="loginToApp" time="30.938" classname="com.newHayesUI.tests.LoginTests"/>
</testsuite> <!-- com.newHayesUI.tests.LoginTests -->
